[debug] [2020-04-01T21:56:51.187Z] ----------------------------------------------------------------------
[debug] [2020-04-01T21:56:51.189Z] Command:       C:\Program Files\nodejs\node.exe C:\Users\blackillice\AppData\Roaming\npm\node_modules\firebase-tools\lib\bin\firebase.js deploy
[debug] [2020-04-01T21:56:51.189Z] CLI Version:   8.0.0
[debug] [2020-04-01T21:56:51.189Z] Platform:      win32
[debug] [2020-04-01T21:56:51.190Z] Node Version:  v12.16.1
[debug] [2020-04-01T21:56:51.191Z] Time:          Wed Apr 01 2020 23:56:51 GMT+0200 (GMT+02:00)
[debug] [2020-04-01T21:56:51.191Z] ----------------------------------------------------------------------
[debug] [2020-04-01T21:56:51.191Z] 
[debug] [2020-04-01T21:56:51.199Z] > command requires scopes: ["email","openid","https://www.googleapis.com/auth/cloudplatformprojects.readonly","https://www.googleapis.com/auth/firebase","https://www.googleapis.com/auth/cloud-platform"]
[debug] [2020-04-01T21:56:51.199Z] > authorizing via signed-in user
[debug] [2020-04-01T21:56:51.199Z] [iam] checking project apnotan-49f45 for permissions ["cloudfunctions.functions.create","cloudfunctions.functions.delete","cloudfunctions.functions.get","cloudfunctions.functions.list","cloudfunctions.functions.update","cloudfunctions.operations.get","firebase.projects.get","firebasedatabase.instances.update","firebasehosting.sites.update"]
[debug] [2020-04-01T21:56:51.202Z] > refreshing access token with scopes: ["email","https://www.googleapis.com/auth/cloud-platform","https://www.googleapis.com/auth/cloudplatformprojects.readonly","https://www.googleapis.com/auth/firebase","openid"]
[debug] [2020-04-01T21:56:51.202Z] >>> HTTP REQUEST POST https://www.googleapis.com/oauth2/v3/token  
 <request body omitted>
[debug] [2020-04-01T21:56:51.302Z] <<< HTTP RESPONSE 200 {"content-type":"application/json; charset=utf-8","vary":"X-Origin, Referer, Origin,Accept-Encoding","date":"Wed, 01 Apr 2020 21:56:51 GMT","server":"scaffolding on HTTPServer2","cache-control":"private","x-xss-protection":"0","x-frame-options":"SAMEORIGIN","x-content-type-options":"nosniff","alt-svc":"quic=\":443\"; ma=2592000; v=\"46,43\",h3-Q050=\":443\"; ma=2592000,h3-Q049=\":443\"; ma=2592000,h3-Q048=\":443\"; ma=2592000,h3-Q046=\":443\"; ma=2592000,h3-Q043=\":443\"; ma=2592000,h3-T050=\":443\"; ma=2592000","accept-ranges":"none","transfer-encoding":"chunked"}
[debug] [2020-04-01T21:56:51.308Z] >>> HTTP REQUEST POST https://cloudresourcemanager.googleapis.com/v1/projects/apnotan-49f45:testIamPermissions  
 {"permissions":["cloudfunctions.functions.create","cloudfunctions.functions.delete","cloudfunctions.functions.get","cloudfunctions.functions.list","cloudfunctions.functions.update","cloudfunctions.operations.get","firebase.projects.get","firebasedatabase.instances.update","firebasehosting.sites.update"]}
[debug] [2020-04-01T21:56:52.032Z] <<< HTTP RESPONSE 200 {"content-type":"application/json; charset=UTF-8","vary":"X-Origin, Referer, Origin,Accept-Encoding","date":"Wed, 01 Apr 2020 21:56:51 GMT","server":"ESF","cache-control":"private","x-xss-protection":"0","x-frame-options":"SAMEORIGIN","x-content-type-options":"nosniff","server-timing":"gfet4t7; dur=690","alt-svc":"quic=\":443\"; ma=2592000; v=\"46,43\",h3-Q050=\":443\"; ma=2592000,h3-Q049=\":443\"; ma=2592000,h3-Q048=\":443\"; ma=2592000,h3-Q046=\":443\"; ma=2592000,h3-Q043=\":443\"; ma=2592000,h3-T050=\":443\"; ma=2592000","accept-ranges":"none","transfer-encoding":"chunked"}
[debug] [2020-04-01T21:56:52.033Z] >>> HTTP REQUEST GET https://firebase.googleapis.com/v1beta1/projects/apnotan-49f45  
 
[debug] [2020-04-01T21:56:52.213Z] <<< HTTP RESPONSE 200 {"content-type":"application/json; charset=UTF-8","vary":"X-Origin, Referer, Origin,Accept-Encoding","date":"Wed, 01 Apr 2020 21:56:52 GMT","server":"ESF","cache-control":"private","x-xss-protection":"0","x-frame-options":"SAMEORIGIN","x-content-type-options":"nosniff","alt-svc":"quic=\":443\"; ma=2592000; v=\"46,43\",h3-Q050=\":443\"; ma=2592000,h3-Q049=\":443\"; ma=2592000,h3-Q048=\":443\"; ma=2592000,h3-Q046=\":443\"; ma=2592000,h3-Q043=\":443\"; ma=2592000,h3-T050=\":443\"; ma=2592000","accept-ranges":"none","transfer-encoding":"chunked"}
[info] 
[info] === Deploying to 'apnotan-49f45'...
[info] 
[info] i  deploying database, functions, hosting
[info] Running command: npm --prefix "$RESOURCE_DIR" run lint
[info] +  functions: Finished running predeploy script.
[info] i  database: checking rules syntax...
[debug] [2020-04-01T21:56:55.589Z] >>> HTTP REQUEST PUT https://apnotan-49f45.firebaseio.com/.settings/rules.json?dryRun=true  
 {
  /* Visit https://firebase.google.com/docs/database/security to learn more about security rules. */
  "rules": {
    ".read": false,
    ".write": false
  }
}
[debug] [2020-04-01T21:56:56.222Z] <<< HTTP RESPONSE 404 {"server":"nginx","date":"Wed, 01 Apr 2020 21:56:56 GMT","content-type":"application/json; charset=utf-8","content-length":"101","connection":"keep-alive","access-control-allow-origin":"*","cache-control":"no-cache","strict-transport-security":"max-age=31556926; includeSubDomains; preload"}
[debug] [2020-04-01T21:56:56.223Z] <<< HTTP RESPONSE BODY {
  "error" : "Firebase error. Please ensure that you spelled the name of your Firebase correctly"
}

[error] 
[error] Error: Unexpected error while deploying database rules.
[debug] [2020-04-01T22:23:11.441Z] ----------------------------------------------------------------------
[debug] [2020-04-01T22:23:11.443Z] Command:       C:\Program Files\nodejs\node.exe C:\Users\blackillice\AppData\Roaming\npm\node_modules\firebase-tools\lib\bin\firebase.js deploy
[debug] [2020-04-01T22:23:11.444Z] CLI Version:   8.0.0
[debug] [2020-04-01T22:23:11.444Z] Platform:      win32
[debug] [2020-04-01T22:23:11.444Z] Node Version:  v12.16.1
[debug] [2020-04-01T22:23:11.445Z] Time:          Thu Apr 02 2020 00:23:11 GMT+0200 (GMT+02:00)
[debug] [2020-04-01T22:23:11.445Z] ----------------------------------------------------------------------
[debug] [2020-04-01T22:23:11.445Z] 
[debug] [2020-04-01T22:23:11.453Z] > command requires scopes: ["email","openid","https://www.googleapis.com/auth/cloudplatformprojects.readonly","https://www.googleapis.com/auth/firebase","https://www.googleapis.com/auth/cloud-platform"]
[debug] [2020-04-01T22:23:11.454Z] > authorizing via signed-in user
[debug] [2020-04-01T22:23:11.454Z] [iam] checking project apnotan-49f45 for permissions ["cloudfunctions.functions.create","cloudfunctions.functions.delete","cloudfunctions.functions.get","cloudfunctions.functions.list","cloudfunctions.functions.update","cloudfunctions.operations.get","firebase.projects.get","firebasedatabase.instances.update","firebasehosting.sites.update"]
[debug] [2020-04-01T22:23:11.457Z] >>> HTTP REQUEST POST https://cloudresourcemanager.googleapis.com/v1/projects/apnotan-49f45:testIamPermissions  
 {"permissions":["cloudfunctions.functions.create","cloudfunctions.functions.delete","cloudfunctions.functions.get","cloudfunctions.functions.list","cloudfunctions.functions.update","cloudfunctions.operations.get","firebase.projects.get","firebasedatabase.instances.update","firebasehosting.sites.update"]}
[debug] [2020-04-01T22:23:12.172Z] <<< HTTP RESPONSE 200 {"content-type":"application/json; charset=UTF-8","vary":"X-Origin, Referer, Origin,Accept-Encoding","date":"Wed, 01 Apr 2020 22:23:12 GMT","server":"ESF","cache-control":"private","x-xss-protection":"0","x-frame-options":"SAMEORIGIN","x-content-type-options":"nosniff","server-timing":"gfet4t7; dur=661","alt-svc":"quic=\":443\"; ma=2592000; v=\"46,43\",h3-Q050=\":443\"; ma=2592000,h3-Q049=\":443\"; ma=2592000,h3-Q048=\":443\"; ma=2592000,h3-Q046=\":443\"; ma=2592000,h3-Q043=\":443\"; ma=2592000,h3-T050=\":443\"; ma=2592000","accept-ranges":"none","transfer-encoding":"chunked"}
[debug] [2020-04-01T22:23:12.173Z] >>> HTTP REQUEST GET https://firebase.googleapis.com/v1beta1/projects/apnotan-49f45  
 
[debug] [2020-04-01T22:23:12.333Z] <<< HTTP RESPONSE 200 {"content-type":"application/json; charset=UTF-8","vary":"X-Origin, Referer, Origin,Accept-Encoding","date":"Wed, 01 Apr 2020 22:23:12 GMT","server":"ESF","cache-control":"private","x-xss-protection":"0","x-frame-options":"SAMEORIGIN","x-content-type-options":"nosniff","alt-svc":"quic=\":443\"; ma=2592000; v=\"46,43\",h3-Q050=\":443\"; ma=2592000,h3-Q049=\":443\"; ma=2592000,h3-Q048=\":443\"; ma=2592000,h3-Q046=\":443\"; ma=2592000,h3-Q043=\":443\"; ma=2592000,h3-T050=\":443\"; ma=2592000","accept-ranges":"none","transfer-encoding":"chunked"}
[info] 
[info] === Deploying to 'apnotan-49f45'...
[info] 
[info] i  deploying database, functions, hosting
[info] Running command: npm --prefix "$RESOURCE_DIR" run lint
[info] +  functions: Finished running predeploy script.
[info] i  database: checking rules syntax...
[debug] [2020-04-01T22:23:15.806Z] >>> HTTP REQUEST PUT https://apnotan-49f45.firebaseio.com/.settings/rules.json?dryRun=true  
 {
  /* Visit https://firebase.google.com/docs/database/security to learn more about security rules. */
  "rules": {
    ".read": false,
    ".write": false
  }
}
[debug] [2020-04-01T22:23:16.296Z] <<< HTTP RESPONSE 404 {"server":"nginx","date":"Wed, 01 Apr 2020 22:23:16 GMT","content-type":"application/json; charset=utf-8","content-length":"101","connection":"keep-alive","access-control-allow-origin":"*","cache-control":"no-cache","strict-transport-security":"max-age=31556926; includeSubDomains; preload"}
[debug] [2020-04-01T22:23:16.296Z] <<< HTTP RESPONSE BODY {
  "error" : "Firebase error. Please ensure that you spelled the name of your Firebase correctly"
}

[error] 
[error] Error: Unexpected error while deploying database rules.
[debug] [2020-04-01T22:24:17.562Z] ----------------------------------------------------------------------
[debug] [2020-04-01T22:24:17.564Z] Command:       C:\Program Files\nodejs\node.exe C:\Users\blackillice\AppData\Roaming\npm\node_modules\firebase-tools\lib\bin\firebase.js deploy
[debug] [2020-04-01T22:24:17.564Z] CLI Version:   8.0.0
[debug] [2020-04-01T22:24:17.564Z] Platform:      win32
[debug] [2020-04-01T22:24:17.564Z] Node Version:  v12.16.1
[debug] [2020-04-01T22:24:17.565Z] Time:          Thu Apr 02 2020 00:24:17 GMT+0200 (GMT+02:00)
[debug] [2020-04-01T22:24:17.565Z] ----------------------------------------------------------------------
[debug] [2020-04-01T22:24:17.565Z] 
[debug] [2020-04-01T22:24:17.573Z] > command requires scopes: ["email","openid","https://www.googleapis.com/auth/cloudplatformprojects.readonly","https://www.googleapis.com/auth/firebase","https://www.googleapis.com/auth/cloud-platform"]
[debug] [2020-04-01T22:24:17.574Z] > authorizing via signed-in user
[debug] [2020-04-01T22:24:17.574Z] [iam] checking project apnotan-49f45 for permissions ["cloudfunctions.functions.create","cloudfunctions.functions.delete","cloudfunctions.functions.get","cloudfunctions.functions.list","cloudfunctions.functions.update","cloudfunctions.operations.get","firebase.projects.get","firebasedatabase.instances.update","firebasehosting.sites.update"]
[debug] [2020-04-01T22:24:17.577Z] >>> HTTP REQUEST POST https://cloudresourcemanager.googleapis.com/v1/projects/apnotan-49f45:testIamPermissions  
 {"permissions":["cloudfunctions.functions.create","cloudfunctions.functions.delete","cloudfunctions.functions.get","cloudfunctions.functions.list","cloudfunctions.functions.update","cloudfunctions.operations.get","firebase.projects.get","firebasedatabase.instances.update","firebasehosting.sites.update"]}
[debug] [2020-04-01T22:24:18.309Z] <<< HTTP RESPONSE 200 {"content-type":"application/json; charset=UTF-8","vary":"X-Origin, Referer, Origin,Accept-Encoding","date":"Wed, 01 Apr 2020 22:24:18 GMT","server":"ESF","cache-control":"private","x-xss-protection":"0","x-frame-options":"SAMEORIGIN","x-content-type-options":"nosniff","server-timing":"gfet4t7; dur=678","alt-svc":"quic=\":443\"; ma=2592000; v=\"46,43\",h3-Q050=\":443\"; ma=2592000,h3-Q049=\":443\"; ma=2592000,h3-Q048=\":443\"; ma=2592000,h3-Q046=\":443\"; ma=2592000,h3-Q043=\":443\"; ma=2592000,h3-T050=\":443\"; ma=2592000","accept-ranges":"none","transfer-encoding":"chunked"}
[debug] [2020-04-01T22:24:18.310Z] >>> HTTP REQUEST GET https://firebase.googleapis.com/v1beta1/projects/apnotan-49f45  
 
[debug] [2020-04-01T22:24:18.490Z] <<< HTTP RESPONSE 200 {"content-type":"application/json; charset=UTF-8","vary":"X-Origin, Referer, Origin,Accept-Encoding","date":"Wed, 01 Apr 2020 22:24:18 GMT","server":"ESF","cache-control":"private","x-xss-protection":"0","x-frame-options":"SAMEORIGIN","x-content-type-options":"nosniff","alt-svc":"quic=\":443\"; ma=2592000; v=\"46,43\",h3-Q050=\":443\"; ma=2592000,h3-Q049=\":443\"; ma=2592000,h3-Q048=\":443\"; ma=2592000,h3-Q046=\":443\"; ma=2592000,h3-Q043=\":443\"; ma=2592000,h3-T050=\":443\"; ma=2592000","accept-ranges":"none","transfer-encoding":"chunked"}
[info] 
[info] === Deploying to 'apnotan-49f45'...
[info] 
[info] i  deploying database, functions, hosting
[info] Running command: npm --prefix "$RESOURCE_DIR" run lint
[info] +  functions: Finished running predeploy script.
[info] i  database: checking rules syntax...
[debug] [2020-04-01T22:24:21.905Z] >>> HTTP REQUEST PUT https://apnotan-49f45.firebaseio.com/.settings/rules.json?dryRun=true  
 {
  /* Visit https://firebase.google.com/docs/database/security to learn more about security rules. */
  "rules": {
    ".read": true,
    ".write": true
  }
}
[debug] [2020-04-01T22:24:22.459Z] <<< HTTP RESPONSE 404 {"server":"nginx","date":"Wed, 01 Apr 2020 22:24:22 GMT","content-type":"application/json; charset=utf-8","content-length":"101","connection":"keep-alive","access-control-allow-origin":"*","cache-control":"no-cache","strict-transport-security":"max-age=31556926; includeSubDomains; preload"}
[debug] [2020-04-01T22:24:22.459Z] <<< HTTP RESPONSE BODY {
  "error" : "Firebase error. Please ensure that you spelled the name of your Firebase correctly"
}

[error] 
[error] Error: Unexpected error while deploying database rules.
